0 info it worked if it ends with ok
1 verbose cli [ '/usr/local/bin/node',
1 verbose cli   '/usr/local/bin/npm',
1 verbose cli   'publish',
1 verbose cli   '--tag',
1 verbose cli   '0.0.2' ]
2 info using npm@2.11.3
3 info using node@v0.12.7
4 verbose publish [ '.' ]
5 verbose stack Error: Tag name must not be a valid SemVer range: 0.0.2
5 verbose stack     at EventEmitter.publish (/usr/local/lib/node_modules/npm/lib/publish.js:41:14)
5 verbose stack     at Object.commandCache.(anonymous function) (/usr/local/lib/node_modules/npm/lib/npm.js:217:11)
5 verbose stack     at EventEmitter.<anonymous> (/usr/local/lib/node_modules/npm/bin/npm-cli.js:73:28)
5 verbose stack     at process._tickCallback (node.js:355:11)
6 verbose cwd /Users/meteor/WebstormProjects/license/eutil2/eutil
7 error Darwin 14.4.0
8 error argv "/usr/local/bin/node" "/usr/local/bin/npm" "publish" "--tag" "0.0.2"
9 error node v0.12.7
10 error npm  v2.11.3
11 error Tag name must not be a valid SemVer range: 0.0.2
12 error If you need help, you may report this error at:
12 error     <https://github.com/npm/npm/issues>
13 verbose exit [ 1, true ]
